# JRE version: OpenJDK Runtime Environment (25.0.2+10) (build 25.0.2+10-69)
# Java VM: OpenJDK 64-Bit Server VM (25.0.2+10-69, mixed mode, sharing, tiered, compressed oops, compressed class ptrs, g1 gc, windows-amd64)
GC Precious Log:
 CardTable entry size: 512
 Card Set container configuration: InlinePtr #cards 5 size 8 Array Of Cards #cards 10 size 36 Howl #buckets 4 coarsen threshold 1843 Howl Bitmap #cards 512 size 80 coarsen threshold 460 Card regions per heap region 1 cards per card region 2048
 CPUs: 4 total, 4 available
 Memory: 4007M
 Large Page Support: Disabled
 NUMA Support: Disabled
 Compressed Oops: Enabled (32-bit)
 Heap Region Size: 1M
 Heap Min Capacity: 8M
 Heap Initial Capacity: 64M
 Heap Max Capacity: 1002M
 Pre-touch: Disabled
 Parallel Workers: 4
 Concurrent Workers: 1
 Concurrent Refinement Workers: 4
 Periodic GC: Disabled
Heap:
 garbage-first heap   total reserved 1026048K, committed 75776K, used 46550K [0x00000000c1600000, 0x0000000100000000)
  region size 1024K, 5 young (5120K), 2 survivors (2048K)
GC Heap Usage History (8 events):
Event: 0.667 {heap Before GC invocations=0 (full 0):
 garbage-first heap   total reserved 1026048K, committed 67584K, used 28819K [0x00000000c1600000, 0x0000000100000000)
  region size 1024K, 28 young (28672K), 0 survivors (0K)
}
Event: 0.672 {heap After GC invocations=1 (full 0):
 garbage-first heap   total reserved 1026048K, committed 67584K, used 4627K [0x00000000c1600000, 0x0000000100000000)
  region size 1024K, 4 young (4096K), 4 survivors (4096K)
}
Event: 1.754 {heap Before GC invocations=1 (full 0):
 garbage-first heap   total reserved 1026048K, committed 67584K, used 47635K [0x00000000c1600000, 0x0000000100000000)
  region size 1024K, 31 young (31744K), 4 survivors (4096K)
}
Event: 1.764 {heap After GC invocations=2 (full 0):
 garbage-first heap   total reserved 1026048K, committed 67584K, used 23966K [0x00000000c1600000, 0x0000000100000000)
  region size 1024K, 4 young (4096K), 4 survivors (4096K)
}
Event: 1.884 {heap Before GC invocations=2 (full 0):
 garbage-first heap   total reserved 1026048K, committed 67584K, used 28062K [0x00000000c1600000, 0x0000000100000000)
  region size 1024K, 9 young (9216K), 4 survivors (4096K)
}
Event: 1.889 {heap After GC invocations=3 (full 0):
 garbage-first heap   total reserved 1026048K, committed 67584K, used 25246K [0x00000000c1600000, 0x0000000100000000)
  region size 1024K, 2 young (2048K), 2 survivors (2048K)
}
Event: 2.303 {heap Before GC invocations=3 (full 0):
 garbage-first heap   total reserved 1026048K, committed 67584K, used 55966K [0x00000000c1600000, 0x0000000100000000)
  region size 1024K, 18 young (18432K), 2 survivors (2048K)
}
Event: 2.306 {heap After GC invocations=4 (full 0):
 garbage-first heap   total reserved 1026048K, committed 67584K, used 42471K [0x00000000c1600000, 0x0000000100000000)
  region size 1024K, 2 young (2048K), 2 survivors (2048K)
}

